<?xml version="1.0" encoding="UTF-8"?>
<testsuite xmlns:xsi="http://www.w3.org/2001/XMLSchema-instance" xsi:noNamespaceSchemaLocation="https://maven.apache.org/surefire/maven-surefire-plugin/xsd/surefire-test-report-3.0.xsd" version="3.0" name="TestSuite" time="111.197" tests="1" errors="0" skipped="0" failures="0">
  <properties>
[...]
</properties>
  <testcase name="feature[Login into application](1)" classname="CucumberOptions.TestRunner" time="103.021">
    <system-out><![CDATA[firefox   
uccess
firefox   
uccess
]]></system-out>
    <system-err><![CDATA[1615272160937	geckodriver	INFO	Listening on 127.0.0.1:29895
1615272161694	mozrunner::runner	INFO	Running command: "C:\\Program Files\\Mozilla Firefox\\firefox.exe" "--marionette" "-foreground" "-no-remote" "-profile" "C:\\Users\\LENOVO\\AppData\\Local\\Temp\\rust_mozprofileReUb2P"
console.warn: SearchSettings: "get: No settings file exists, new profile?" (new Error("", "(unknown module)"))
1615272180273	Marionette	INFO	Listening on port 57751
1615272181006	Marionette	WARN	TLS certificate errors will be ignored for this session
Mar 09, 2021 12:13:01 PM org.openqa.selenium.remote.ProtocolHandshake createSession
INFO: Detected dialect: W3C
JavaScript error: https://www.youtube.com/s/player/a09205f7/www-embed-player.vflset/www-embed-player.js, line 504: NS_ERROR_FAILURE: 
1615272216456	Marionette	INFO	Stopped listening on port 57751
[Parent 10448, IPC I/O Parent] WARNING: file /builds/worker/checkouts/gecko/ipc/chromium/src/base/process_util_win.cc:167
[Parent 10448, IPC I/O Parent] WARNING: file /builds/worker/checkouts/gecko/ipc/chromium/src/base/process_util_win.cc:167

###!!! [Child][RunMessage] Error: Channel closing: too late to send/recv, messages will be lost

1615272220997	geckodriver	INFO	Listening on 127.0.0.1:13721
1615272221379	mozrunner::runner	INFO	Running command: "C:\\Program Files\\Mozilla Firefox\\firefox.exe" "--marionette" "-foreground" "-no-remote" "-profile" "C:\\Users\\LENOVO\\AppData\\Local\\Temp\\rust_mozprofile2f29aJ"
console.warn: SearchSettings: "get: No settings file exists, new profile?" (new Error("", "(unknown module)"))
1615272232839	Marionette	INFO	Listening on port 58013
1615272232979	Marionette	WARN	TLS certificate errors will be ignored for this session
Mar 09, 2021 12:13:53 PM org.openqa.selenium.remote.ProtocolHandshake createSession
INFO: Detected dialect: W3C
1615272257858	Marionette	INFO	Stopped listening on port 58013

###!!! [Child][RunMessage] Error: Channel closing: too late to send/recv, messages will be lost

]]></system-err>
  </testcase>
</testsuite>